{
  "uid" : "4621cbca0ab88568",
  "name" : "登录测试正向用例",
  "fullName" : "cases.test_login.TestLogin#test_login_success",
  "historyId" : "4de4eac7aa5437331edc4ae996ff58ee",
  "time" : {
    "start" : 1622306955476,
    "stop" : 1622306960408,
    "duration" : 4932
  },
  "status" : "passed",
  "flaky" : false,
  "newFailed" : false,
  "beforeStages" : [ {
    "name" : "handler",
    "time" : {
      "start" : 1622306909597,
      "stop" : 1622306927577,
      "duration" : 17980
    },
    "status" : "passed",
    "steps" : [ ],
    "attachments" : [ ],
    "parameters" : [ ],
    "attachmentsCount" : 0,
    "shouldDisplayMessage" : false,
    "hasContent" : false,
    "stepsCount" : 0
  }, {
    "name" : "prepare_to_login",
    "time" : {
      "start" : 1622306927577,
      "stop" : 1622306944098,
      "duration" : 16521
    },
    "status" : "passed",
    "steps" : [ ],
    "attachments" : [ ],
    "parameters" : [ ],
    "attachmentsCount" : 0,
    "shouldDisplayMessage" : false,
    "hasContent" : false,
    "stepsCount" : 0
  } ],
  "testStage" : {
    "status" : "passed",
    "steps" : [ ],
    "attachments" : [ {
      "uid" : "a9d677248e2ad23d",
      "name" : "log",
      "source" : "a9d677248e2ad23d.txt",
      "type" : "text/plain",
      "size" : 5647
    } ],
    "parameters" : [ ],
    "attachmentsCount" : 1,
    "shouldDisplayMessage" : false,
    "hasContent" : true,
    "stepsCount" : 0
  },
  "afterStages" : [ {
    "name" : "handler::0",
    "time" : {
      "start" : 1622306960409,
      "stop" : 1622306960842,
      "duration" : 433
    },
    "status" : "passed",
    "steps" : [ ],
    "attachments" : [ ],
    "parameters" : [ ],
    "attachmentsCount" : 0,
    "shouldDisplayMessage" : false,
    "hasContent" : false,
    "stepsCount" : 0
  } ],
  "labels" : [ {
    "name" : "feature",
    "value" : "钓鱼人APP自动化测试-登陆功能测试"
  }, {
    "name" : "epic",
    "value" : "钓鱼人APP自动化测试"
  }, {
    "name" : "story",
    "value" : "钓鱼人APP自动化测试正向用例测试"
  }, {
    "name" : "tag",
    "value" : "@pytest.mark.usefixtures('prepare_to_login')"
  }, {
    "name" : "tag",
    "value" : "run(order=-1)"
  }, {
    "name" : "tag",
    "value" : "last"
  }, {
    "name" : "parentSuite",
    "value" : "cases"
  }, {
    "name" : "suite",
    "value" : "test_login"
  }, {
    "name" : "subSuite",
    "value" : "TestLogin"
  }, {
    "name" : "host",
    "value" : "DESKTOP-CIG6MR7"
  }, {
    "name" : "thread",
    "value" : "18040-MainThread"
  }, {
    "name" : "framework",
    "value" : "pytest"
  }, {
    "name" : "language",
    "value" : "cpython3"
  }, {
    "name" : "package",
    "value" : "cases.test_login"
  }, {
    "name" : "resultFormat",
    "value" : "allure2"
  } ],
  "parameters" : [ ],
  "links" : [ ],
  "hidden" : false,
  "retry" : false,
  "extra" : {
    "severity" : "normal",
    "retries" : [ {
      "uid" : "3d03e2f93b6720a2",
      "status" : "passed",
      "time" : {
        "start" : 1622306897974,
        "stop" : 1622306902870,
        "duration" : 4896
      }
    }, {
      "uid" : "b4be33dae8b0b108",
      "status" : "broken",
      "statusDetails" : "selenium.common.exceptions.NoSuchElementException: Message: An element could not be located on the page using the given search parameters.",
      "time" : {
        "start" : 1622306111987,
        "stop" : 1622306112015,
        "duration" : 28
      }
    }, {
      "uid" : "75254fdcd2195d3d",
      "status" : "passed",
      "time" : {
        "start" : 1622306069834,
        "stop" : 1622306074710,
        "duration" : 4876
      }
    }, {
      "uid" : "94a9490e54dfda87",
      "status" : "broken",
      "statusDetails" : "selenium.common.exceptions.NoSuchElementException: Message: An element could not be located on the page using the given search parameters.",
      "time" : {
        "start" : 1622305623104,
        "stop" : 1622305623138,
        "duration" : 34
      }
    }, {
      "uid" : "71e19fcebaa186b0",
      "status" : "passed",
      "time" : {
        "start" : 1622305581216,
        "stop" : 1622305586368,
        "duration" : 5152
      }
    }, {
      "uid" : "230c16ff9b88a285",
      "status" : "broken",
      "statusDetails" : "selenium.common.exceptions.NoSuchElementException: Message: An element could not be located on the page using the given search parameters.",
      "time" : {
        "start" : 1622305418190,
        "stop" : 1622305418237,
        "duration" : 47
      }
    }, {
      "uid" : "c7327a274a4120ef",
      "status" : "passed",
      "time" : {
        "start" : 1622204585101,
        "stop" : 1622204590207,
        "duration" : 5106
      }
    }, {
      "uid" : "9533a42b89b4db0b",
      "status" : "passed",
      "time" : {
        "start" : 1622198382530,
        "stop" : 1622198387421,
        "duration" : 4891
      }
    }, {
      "uid" : "e5096d192ef1c03e",
      "status" : "broken",
      "statusDetails" : "selenium.common.exceptions.NoSuchElementException: Message: An element could not be located on the page using the given search parameters.",
      "time" : {
        "start" : 1622197060007,
        "stop" : 1622197060046,
        "duration" : 39
      }
    }, {
      "uid" : "7b762a6cf9cedd9e",
      "status" : "passed",
      "time" : {
        "start" : 1622196260113,
        "stop" : 1622196265038,
        "duration" : 4925
      }
    }, {
      "uid" : "4b30d4ba7a644602",
      "status" : "broken",
      "statusDetails" : "selenium.common.exceptions.NoSuchElementException: Message: An element could not be located on the page using the given search parameters.",
      "time" : {
        "start" : 1622195513987,
        "stop" : 1622195514025,
        "duration" : 38
      }
    }, {
      "uid" : "257bc978eee42339",
      "status" : "broken",
      "statusDetails" : "selenium.common.exceptions.NoSuchElementException: Message: An element could not be located on the page using the given search parameters.",
      "time" : {
        "start" : 1622195157842,
        "stop" : 1622195157881,
        "duration" : 39
      }
    }, {
      "uid" : "52fa04f7134cd74f",
      "status" : "broken",
      "statusDetails" : "selenium.common.exceptions.NoSuchElementException: Message: An element could not be located on the page using the given search parameters.",
      "time" : {
        "start" : 1622194796811,
        "stop" : 1622194796847,
        "duration" : 36
      }
    }, {
      "uid" : "d9cef7e803bac55",
      "status" : "failed",
      "statusDetails" : "AssertionError: assert False\n +  where False = <bound method PageAction.is_nickname_exists of <pages.page_action.PageAction object at 0x000001DCC518E860>>()\n +    where <bound method PageAction.is_nickname_exists of <pages.page_action.PageAction object at 0x000001DCC518E860>> = <pages.page_action.PageAction object at 0x000001DCC518E860>.is_nickname_exists",
      "time" : {
        "start" : 1622194382736,
        "stop" : 1622194387311,
        "duration" : 4575
      }
    }, {
      "uid" : "9126634786dd8667",
      "status" : "broken",
      "statusDetails" : "selenium.common.exceptions.NoSuchElementException: Message: An element could not be located on the page using the given search parameters.",
      "time" : {
        "start" : 1622193939829,
        "stop" : 1622193939868,
        "duration" : 39
      }
    }, {
      "uid" : "db5bb1637e32ccf0",
      "status" : "broken",
      "statusDetails" : "selenium.common.exceptions.NoSuchElementException: Message: An element could not be located on the page using the given search parameters.",
      "time" : {
        "start" : 1622193791982,
        "stop" : 1622193792028,
        "duration" : 46
      }
    }, {
      "uid" : "66207a6dddfb8be3",
      "status" : "broken",
      "statusDetails" : "selenium.common.exceptions.NoSuchElementException: Message: An element could not be located on the page using the given search parameters.",
      "time" : {
        "start" : 1622193531721,
        "stop" : 1622193531760,
        "duration" : 39
      }
    }, {
      "uid" : "83a50698b16f2e9d",
      "status" : "broken",
      "statusDetails" : "TypeError: go_to_login_page() missing 1 required positional argument: 'self'",
      "time" : {
        "start" : 1622193465258,
        "stop" : 1622193465258,
        "duration" : 0
      }
    }, {
      "uid" : "e1ece58400630276",
      "status" : "broken",
      "statusDetails" : "TypeError: go_to_login_page() missing 1 required positional argument: 'self'",
      "time" : {
        "start" : 1622193186169,
        "stop" : 1622193186169,
        "duration" : 0
      }
    }, {
      "uid" : "5356d57140af33ee",
      "status" : "broken",
      "statusDetails" : "TypeError: go_to_login_page() missing 1 required positional argument: 'self'",
      "time" : {
        "start" : 1622193148469,
        "stop" : 1622193148470,
        "duration" : 1
      }
    }, {
      "uid" : "2b28bdd40fe78e63",
      "status" : "broken",
      "statusDetails" : "selenium.common.exceptions.NoSuchElementException: Message: An element could not be located on the page using the given search parameters.",
      "time" : {
        "start" : 1622192559798,
        "stop" : 1622192559854,
        "duration" : 56
      }
    } ],
    "categories" : [ ],
    "tags" : [ "last", "run(order=-1)", "@pytest.mark.usefixtures('prepare_to_login')" ]
  },
  "source" : "4621cbca0ab88568.json",
  "parameterValues" : [ ]
}